<?xml version="1.0" encoding="utf-8"?><testsuites name="pytest tests"><testsuite name="pytest" errors="0" failures="0" skipped="0" tests="17" time="4.046" timestamp="2026-09-13T13:54:34.465546+00:00" hostname="agent-env-bade8ffd-8614-4a8f-a391-01195e80dd64"><testcase classname="backend.tests.test_auto_import_admin_light" name="test_stats_admin" time="0.908" /><testcase classname="backend.tests.test_auto_import_admin_light" name="test_stats_forbidden_for_user" time="0.599" /><testcase classname="backend.tests.test_auto_import_admin_light" name="test_stats_forbidden_no_auth" time="0.126" /><testcase classname="backend.tests.test_auto_import_admin_light" name="test_jobs_list[all]" time="0.120" /><testcase classname="backend.tests.test_auto_import_admin_light" name="test_jobs_list[PROCESSED]" time="0.129" /><testcase classname="backend.tests.test_auto_import_admin_light" name="test_jobs_list[ERROR]" time="0.130" /><testcase classname="backend.tests.test_auto_import_admin_light" name="test_jobs_list[PENDING]" time="0.155" /><testcase classname="backend.tests.test_auto_import_admin_light" name="test_jobs_forbidden_for_user" time="0.150" /><testcase classname="backend.tests.test_auto_import_admin_light" name="test_settings_get" time="0.155" /><testcase classname="backend.tests.test_auto_import_admin_light" name="test_settings_put_add_and_remove_brunch" time="0.598" /><testcase classname="backend.tests.test_auto_import_admin_light" name="test_settings_put_empty_services_400" time="0.132" /><testcase classname="backend.tests.test_auto_import_admin_light" name="test_settings_forbidden_for_user" time="0.161" /><testcase classname="backend.tests.test_auto_import_admin_light" name="test_parse_test_valid" time="0.128" /><testcase classname="backend.tests.test_auto_import_admin_light" name="test_parse_test_invalid" time="0.125" /><testcase classname="backend.tests.test_auto_import_admin_light" name="test_parse_test_forbidden_for_user" time="0.139" /><testcase classname="backend.tests.test_auto_import_admin_light" name="test_scan_admin" time="0.120" /><testcase classname="backend.tests.test_auto_import_admin_light" name="test_scan_forbidden_for_user" time="0.133" /></testsuite></testsuites>