<?xml version="1.0" encoding="utf-8"?><testsuites name="pytest tests"><testsuite name="pytest" errors="0" failures="0" skipped="0" tests="12" time="6.065" timestamp="2026-09-11T23:23:56.857330+00:00" hostname="agent-env-bade8ffd-8614-4a8f-a391-01195e80dd64"><testcase classname="backend.tests.test_nginx_cache_headers" name="test_html_route_has_no_cache_headers[/]" time="0.410" /><testcase classname="backend.tests.test_nginx_cache_headers" name="test_html_route_has_no_cache_headers[/admin]" time="0.484" /><testcase classname="backend.tests.test_nginx_cache_headers" name="test_html_route_has_no_cache_headers[/auth/login]" time="0.394" /><testcase classname="backend.tests.test_nginx_cache_headers" name="test_html_route_has_no_cache_headers[/wedding/hanifa-et-dali]" time="0.373" /><testcase classname="backend.tests.test_nginx_cache_headers" name="test_html_route_has_no_cache_headers[/guestbook/hanifa-et-dali]" time="0.375" /><testcase classname="backend.tests.test_nginx_cache_headers" name="test_html_route_has_no_cache_headers[/legal/privacy]" time="0.371" /><testcase classname="backend.tests.test_nginx_cache_headers" name="test_expo_hashed_asset_has_immutable_long_cache" time="0.860" /><testcase classname="backend.tests.test_nginx_cache_headers" name="test_uploads_accessible" time="0.376" /><testcase classname="backend.tests.test_nginx_cache_headers" name="test_homepage_returns_html_with_brand" time="0.515" /><testcase classname="backend.tests.test_nginx_cache_headers" name="test_videos_public_endpoint" time="0.376" /><testcase classname="backend.tests.test_nginx_cache_headers" name="test_guestbook_active_endpoint" time="0.400" /><testcase classname="backend.tests.test_nginx_cache_headers" name="test_admin_login_and_stats" time="1.106" /></testsuite></testsuites>