<?xml version="1.0" encoding="utf-8"?><testsuites name="pytest tests"><testsuite name="pytest" errors="0" failures="1" skipped="0" tests="19" time="4.270" timestamp="2026-05-15T14:13:47.485399+00:00" hostname="agent-env-bade8ffd-8614-4a8f-a391-01195e80dd64"><testcase classname="tests.test_wedding_backend.TestAuth" name="test_register_new_user" time="0.400" /><testcase classname="tests.test_wedding_backend.TestAuth" name="test_register_duplicate_email_returns_409" time="0.070" /><testcase classname="tests.test_wedding_backend.TestAuth" name="test_login_success" time="0.294" /><testcase classname="tests.test_wedding_backend.TestAuth" name="test_login_wrong_password_returns_401" time="0.291" /><testcase classname="tests.test_wedding_backend.TestAuth" name="test_me_with_bearer" time="0.414" /><testcase classname="tests.test_wedding_backend.TestAuth" name="test_me_without_token_returns_401" time="0.133" /><testcase classname="tests.test_wedding_backend.TestPublicVideos" name="test_public_catalog_structure" time="0.073" /><testcase classname="tests.test_wedding_backend.TestPublicVideos" name="test_video_detail_locked_without_auth" time="0.143" /><testcase classname="tests.test_wedding_backend.TestPublicVideos" name="test_video_detail_locked_for_authed_not_unlocked" time="0.394" /><testcase classname="tests.test_wedding_backend.TestPublicVideos" name="test_video_not_found" time="0.067" /><testcase classname="tests.test_wedding_backend.TestUnlock" name="test_unlock_invalid_code_returns_404" time="0.116" /><testcase classname="tests.test_wedding_backend.TestUnlock" name="test_unlock_without_auth_returns_401" time="0.106" /><testcase classname="tests.test_wedding_backend.TestUnlock" name="test_unlock_valid_code_reveals_full_url" time="0.264" /><testcase classname="tests.test_wedding_backend.TestUnlock" name="test_unlock_code_case_insensitive_and_whitespace" time="0.204" /><testcase classname="tests.test_wedding_backend.TestLibrary" name="test_library_returns_unlocked_videos" time="0.112" /><testcase classname="tests.test_wedding_backend.TestLibrary" name="test_library_without_auth_returns_401" time="0.156" /><testcase classname="tests.test_wedding_backend.TestBilling" name="test_billing_status_default_false_for_fresh_user" time="0.418" /><testcase classname="tests.test_wedding_backend.TestBilling" name="test_billing_checkout_returns_url" time="0.445"><failure message="AssertionError: Internal Server Error&#10;assert 500 == 200&#10; +  where 500 = &lt;Response [500]&gt;.status_code">tests/test_wedding_backend.py:192: in test_billing_checkout_returns_url
    assert r.status_code == 200, r.text
E   AssertionError: Internal Server Error
E   assert 500 == 200
E    +  where 500 = &lt;Response [500]&gt;.status_code</failure></testcase><testcase classname="tests.test_wedding_backend.TestBilling" name="test_billing_checkout_without_auth" time="0.110" /></testsuite></testsuites>