<?xml version="1.0" encoding="utf-8"?><testsuites name="pytest tests"><testsuite name="pytest" errors="0" failures="0" skipped="0" tests="8" time="6.040" timestamp="2026-09-11T22:25:32.688051+00:00" hostname="agent-env-bade8ffd-8614-4a8f-a391-01195e80dd64"><testcase classname="backend.tests.test_project_tracking_assignment.TestProjectsMeDirectAssignment" name="test_projects_me_returns_project" time="1.985" /><testcase classname="backend.tests.test_project_tracking_assignment.TestProjectsMeDirectAssignment" name="test_projects_me_wedding_name" time="0.377" /><testcase classname="backend.tests.test_project_tracking_assignment.TestProjectsMeDirectAssignment" name="test_projects_me_has_9_steps" time="0.388" /><testcase classname="backend.tests.test_project_tracking_assignment.TestGuestbookMine" name="test_guestbook_mine_returns_items" time="0.376" /><testcase classname="backend.tests.test_project_tracking_assignment.TestAdminProjectListing" name="test_admin_list_projects" time="1.047" /><testcase classname="backend.tests.test_project_tracking_assignment.TestAdminProjectListing" name="test_admin_get_specific_project" time="0.377" /><testcase classname="backend.tests.test_project_tracking_assignment.TestProjectsMeNullForUnclaimed" name="test_projects_me_null" time="1.073" /><testcase classname="backend.tests.test_project_tracking_assignment.TestAdminPreview" name="test_admin_projects_me_preview" time="0.378" /></testsuite></testsuites>