<?xml version="1.0" encoding="utf-8"?><testsuites name="pytest tests"><testsuite name="pytest" errors="0" failures="0" skipped="0" tests="6" time="2.760" timestamp="2026-09-11T23:02:33.490265+00:00" hostname="agent-env-bade8ffd-8614-4a8f-a391-01195e80dd64"><testcase classname="backend.tests.test_uploads_prod.TestARecentUpload" name="test_recent_upload_accessible" time="1.214" /><testcase classname="backend.tests.test_uploads_prod.TestCOldUploads" name="test_old_upload_accessible[https://cinemaries.fr/api/uploads/ca3e1fb7a4684f50877dd15c9b2e1edc.jpg]" time="0.363" /><testcase classname="backend.tests.test_uploads_prod.TestCOldUploads" name="test_old_upload_accessible[https://cinemaries.fr/api/uploads/ea256a56a1a54e4eb5b51cbdadb20858.jpg]" time="0.123" /><testcase classname="backend.tests.test_uploads_prod.TestENonRegression" name="test_login_returns_token" time="0.413" /><testcase classname="backend.tests.test_uploads_prod.TestENonRegression" name="test_admin_stats" time="0.125" /><testcase classname="backend.tests.test_uploads_prod.TestBFreshUpload" name="test_fresh_upload_accessible" time="0.497" /></testsuite></testsuites>